<?xml version="1.0" encoding="UTF-8"?>
<!-- Generated by org.testng.reporters.JUnitReportReporter -->
<testsuite hostname="LAPTOP-V5S86BSH" failures="0" tests="1" name="com.crm.pratice.TestNg" time="0.012" errors="0" timestamp="2022-04-05T12:30:49 IST" skipped="0">
  <testcase classname="com.crm.pratice.TestNg" name="TestNg" time="0.012"/>
  <system-out>
    <![CDATA[hi]]>
  </system-out>
</testsuite> <!-- com.crm.pratice.TestNg -->
