<?xml version="1.0" encoding="UTF-8"?>
<!-- Generated by org.testng.reporters.JUnitReportReporter -->
<testsuite hostname="LAPTOP-V5S86BSH" failures="0" tests="1" name="com.crm.organization.CreateOrganizationName" time="11.894" errors="0" timestamp="2022-04-08T17:32:29 IST" skipped="0">
  <testcase classname="com.crm.organization.CreateOrganizationName" name="CreateOrganizationNameTest" time="11.894"/>
  <system-out>
    <![CDATA[Organization created successfully]]>
  </system-out>
</testsuite> <!-- com.crm.organization.CreateOrganizationName -->
