<?xml version="1.0" encoding="UTF-8"?>
<!-- Generated by org.testng.reporters.JUnitReportReporter -->
<testsuite hostname="LAPTOP-V5S86BSH" failures="0" tests="6" name="com.crm.pratice.InnovacationCounttest" time="0.021" errors="0" timestamp="2022-04-07T00:00:15 IST" skipped="0">
  <testcase classname="com.crm.pratice.InnovacationCounttest" name="invocation" time="0.014"/>
  <system-out>
    <![CDATA[execute the statement]]>
  </system-out>
  <testcase classname="com.crm.pratice.InnovacationCounttest" name="invocation1" time="0.001"/>
  <system-out>
    <![CDATA[execute the statement]]>
  </system-out>
  <testcase classname="com.crm.pratice.InnovacationCounttest" name="invocation" time="0.002"/>
  <system-out>
    <![CDATA[execute the statement]]>
  </system-out>
  <testcase classname="com.crm.pratice.InnovacationCounttest" name="invocation1" time="0.002"/>
  <system-out>
    <![CDATA[execute the statement]]>
  </system-out>
  <testcase classname="com.crm.pratice.InnovacationCounttest" name="invocation" time="0.001"/>
  <system-out>
    <![CDATA[execute the statement]]>
  </system-out>
  <testcase classname="com.crm.pratice.InnovacationCounttest" name="invocation1" time="0.001"/>
  <system-out>
    <![CDATA[execute the statement]]>
  </system-out>
</testsuite> <!-- com.crm.pratice.InnovacationCounttest -->
