<?xml version="1.0" encoding="UTF-8"?>
<!-- Generated by org.testng.reporters.JUnitReportReporter -->
<testsuite hostname="LAPTOP-V5S86BSH" failures="0" tests="4" name="com.crm.pratice.priority" time="0.014" errors="0" timestamp="2022-04-06T22:55:26 IST" skipped="0">
  <testcase classname="com.crm.pratice.priority" name="introtest" time="0.010"/>
  <system-out>
    <![CDATA[how are you]]>
  </system-out>
  <testcase classname="com.crm.pratice.priority" name="selfintrotest" time="0.001"/>
  <system-out>
    <![CDATA[i am fine]]>
  </system-out>
  <testcase classname="com.crm.pratice.priority" name="citytest" time="0.001"/>
  <system-out>
    <![CDATA[which is your fav city]]>
  </system-out>
  <testcase classname="com.crm.pratice.priority" name="favcitytest" time="0.002"/>
  <system-out>
    <![CDATA[bhopal]]>
  </system-out>
</testsuite> <!-- com.crm.pratice.priority -->
