<?xml version="1.0" encoding="UTF-8"?>
<!-- Generated by org.testng.reporters.JUnitReportReporter -->
<testsuite hostname="LAPTOP-V5S86BSH" failures="0" tests="15" name="com.crm.pratice.Assert" time="0.000" errors="0" timestamp="2022-04-06T18:11:04 IST" skipped="15">
  <testcase classname="com.crm.pratice.Assert" name="dataprovider_company" time="0.000">
    <skipped/>
  </testcase> <!-- dataprovider_company -->
  <system-out/>
  <testcase classname="com.crm.pratice.Assert" name="dataprovider_company" time="0.000">
    <skipped/>
  </testcase> <!-- dataprovider_company -->
  <system-out/>
  <testcase classname="com.crm.pratice.Assert" name="dataprovider_company" time="0.000">
    <skipped/>
  </testcase> <!-- dataprovider_company -->
  <system-out/>
  <testcase classname="com.crm.pratice.Assert" name="dataprovider_company" time="0.000">
    <skipped/>
  </testcase> <!-- dataprovider_company -->
  <system-out/>
  <testcase classname="com.crm.pratice.Assert" name="dataprovider_company" time="0.000">
    <skipped/>
  </testcase> <!-- dataprovider_company -->
  <system-out/>
  <testcase classname="com.crm.pratice.Assert" name="dataprovider_company" time="0.000">
    <skipped/>
  </testcase> <!-- dataprovider_company -->
  <system-out/>
  <testcase classname="com.crm.pratice.Assert" name="dataprovider_company" time="0.000">
    <skipped/>
  </testcase> <!-- dataprovider_company -->
  <system-out/>
  <testcase classname="com.crm.pratice.Assert" name="dataprovider_company" time="0.000">
    <skipped/>
  </testcase> <!-- dataprovider_company -->
  <system-out/>
  <testcase classname="com.crm.pratice.Assert" name="dataprovider_company" time="0.000">
    <skipped/>
  </testcase> <!-- dataprovider_company -->
  <system-out/>
  <testcase classname="com.crm.pratice.Assert" name="dataprovider_company" time="0.000">
    <skipped/>
  </testcase> <!-- dataprovider_company -->
  <system-out/>
  <testcase classname="com.crm.pratice.Assert" name="dataprovider_company" time="0.000">
    <skipped/>
  </testcase> <!-- dataprovider_company -->
  <system-out/>
  <testcase classname="com.crm.pratice.Assert" name="dataprovider_company" time="0.000">
    <skipped/>
  </testcase> <!-- dataprovider_company -->
  <system-out/>
  <testcase classname="com.crm.pratice.Assert" name="dataprovider_company" time="0.000">
    <skipped/>
  </testcase> <!-- dataprovider_company -->
  <system-out/>
  <testcase classname="com.crm.pratice.Assert" name="dataprovider_company" time="0.000">
    <skipped/>
  </testcase> <!-- dataprovider_company -->
  <system-out/>
  <testcase classname="com.crm.pratice.Assert" name="dataprovider_company" time="0.000">
    <skipped/>
  </testcase> <!-- dataprovider_company -->
  <system-out/>
</testsuite> <!-- com.crm.pratice.Assert -->
