<?xml version="1.0" encoding="UTF-8"?>
<!-- Generated by org.testng.reporters.JUnitReportReporter -->
<testsuite hostname="LAPTOP-V5S86BSH" failures="0" tests="3" name="com.crm.pratice.TestNGGroupExecutionTest$TestNgTest" time="0.002" errors="0" timestamp="2022-04-06T16:22:37 IST" skipped="0">
  <testcase classname="com.crm.pratice.TestNGGroupExecutionTest$TestNgTest" name="test2" time="0.001"/>
  <system-out>
    <![CDATA[testngtest-test2]]>
  </system-out>
  <testcase classname="com.crm.pratice.TestNGGroupExecutionTest$TestNgTest" name="test3" time="0.000"/>
  <system-out>
    <![CDATA[test3 -test4,true]]>
  </system-out>
  <testcase classname="com.crm.pratice.TestNGGroupExecutionTest$TestNgTest" name="testNgTest" time="0.001"/>
  <system-out>
    <![CDATA[hi]]>
  </system-out>
</testsuite> <!-- com.crm.pratice.TestNGGroupExecutionTest$TestNgTest -->
