<?xml version="1.0" encoding="UTF-8"?>
<!-- Generated by org.testng.reporters.JUnitReportReporter -->
<testsuite hostname="LAPTOP-V5S86BSH" failures="0" tests="3" name="com.crm.pratice.TestNgGrouptest$TestNgTest" time="0.013" errors="0" timestamp="2022-04-06T18:33:54 IST" skipped="0">
  <testcase classname="com.crm.pratice.TestNgGrouptest$TestNgTest" name="testRunTest" time="0.001"/>
  <system-out>
    <![CDATA[bye]]>
  </system-out>
  <testcase classname="com.crm.pratice.TestNgGrouptest$TestNgTest" name="test3" time="0.001"/>
  <system-out>
    <![CDATA[test3 -test4,true]]>
  </system-out>
  <testcase classname="com.crm.pratice.TestNgGrouptest$TestNgTest" name="test2" time="0.011"/>
  <system-out>
    <![CDATA[testngtest-test2]]>
  </system-out>
</testsuite> <!-- com.crm.pratice.TestNgGrouptest$TestNgTest -->
