<?xml version="1.0" encoding="UTF-8"?>
<!-- Generated by org.testng.reporters.JUnitReportReporter -->
<testsuite hostname="LAPTOP-V5S86BSH" failures="0" tests="2" name="com.crm.pratice.ParallerclassExecution" time="0.014" errors="0" timestamp="2022-04-07T23:25:29 IST" skipped="0">
  <testcase classname="com.crm.pratice.ParallerclassExecution" name="test01" time="0.012"/>
  <system-out>
    <![CDATA[im in the test2]]>
  </system-out>
  <testcase classname="com.crm.pratice.ParallerclassExecution" name="test02" time="0.002"/>
  <system-out>
    <![CDATA[im in the test3]]>
  </system-out>
</testsuite> <!-- com.crm.pratice.ParallerclassExecution -->
